
[2024-11-16 23:18:49] info: Executing (default): SELECT 1+1 AS result
[2024-11-16 23:18:49] info: Executing (default): SELECT 1+1 AS result
[2024-11-16 23:18:49] info: Database connected successfully!
[2024-11-17 00:08:48] info: Executing (default): SELECT 1+1 AS result
[2024-11-17 00:08:48] info: Database connected successfully!
[2024-11-17 00:09:23] info: Executing (default): INSERT INTO `Users` (`id`,`firstName`,`lastName`,`email`,`password`,`createdAt`,`updatedAt`) VALUES (DEFAULT,?,?,?,?,?,?);
[2024-11-17 00:09:23] error: Error creating user: Table 'h1bdata.users' doesn't exist
[2024-11-17 00:12:37] info: Executing (default): INSERT INTO `Users` (`id`,`firstName`,`lastName`,`email`,`password`,`createdAt`,`updatedAt`) VALUES (DEFAULT,?,?,?,?,?,?);
[2024-11-17 00:18:22] info: Executing (default): INSERT INTO `Users` (`id`,`firstName`,`lastName`,`email`,`password`,`createdAt`,`updatedAt`) VALUES (DEFAULT,?,?,?,?,?,?);
[2024-11-17 13:20:29] info: Executing (default): SELECT 1+1 AS result
[2024-11-17 13:20:29] info: Database connected successfully!
[2024-11-17 13:22:23] info: Executing (default): SELECT 1+1 AS result
[2024-11-17 13:22:23] info: Database connected successfully!
[2024-11-17 13:22:35] info: Executing (default): SELECT 1+1 AS result
[2024-11-17 13:22:35] info: Database connected successfully!
[2024-11-17 13:22:51] info: Executing (default): SELECT 1+1 AS result
[2024-11-17 13:22:51] info: Database connected successfully!
[2024-11-17 13:24:31] info: Executing (default): SELECT 1+1 AS result
[2024-11-17 13:24:31] info: Database connected successfully!
[2024-11-17 13:24:39] info: Executing (default): SELECT 1+1 AS result
[2024-11-17 13:24:39] info: Database connected successfully!
[2024-11-17 13:25:24] info: Executing (default): SELECT 1+1 AS result
[2024-11-17 13:25:24] info: Database connected successfully!
[2024-11-17 13:25:48] info: Executing (default): SELECT 1+1 AS result
[2024-11-17 13:25:48] info: Database connected successfully!
[2024-11-17 13:28:05] info: Executing (default): SELECT 1+1 AS result
[2024-11-17 13:28:05] info: Database connected successfully!
[2024-11-17 13:28:50] info: Executing (default): SELECT 1+1 AS result
[2024-11-17 13:28:50] info: Database connected successfully!
[2024-11-17 13:29:58] info: Executing (default): SELECT `id`, `firstName`, `lastName`, `email`, `password`, `createdAt`, `updatedAt` FROM `Users` AS `User` WHERE `User`.`email` = 'vallurisundeep@gmail.com' LIMIT 1;
[2024-11-17 13:29:59] info: JWT generated for user: vallurisundeep@gmail.com
[2024-11-17 15:50:12] info: Executing (default): SELECT 1+1 AS result
[2024-11-17 15:50:12] info: Database connected successfully!
[2024-11-17 18:01:48] info: Executing (default): SELECT 1+1 AS result
[2024-11-17 18:01:48] info: Database connected successfully!
[2024-11-17 18:02:46] info: Executing (default): SELECT 1+1 AS result
[2024-11-17 18:02:46] info: Database connected successfully!
[2024-11-17 18:05:05] info: Executing (default): SELECT 1+1 AS result
[2024-11-17 18:05:05] info: Database connected successfully!
[2024-11-17 18:05:07] info: Executing (default): SELECT 1+1 AS result
[2024-11-17 18:05:07] info: Database connected successfully!
[2024-11-17 22:21:22] info: Executing (default): SELECT 1+1 AS result
[2024-11-17 22:21:22] info: Database connected successfully!
[2024-11-17 22:22:29] info: Executing (default): SELECT 1+1 AS result
[2024-11-17 22:22:29] info: Database connected successfully!
[2024-11-17 22:22:47] info: Executing (default): SELECT 1+1 AS result
[2024-11-17 22:22:47] info: Database connected successfully!
[2024-11-17 22:23:27] info: Executing (default): SELECT 1+1 AS result
[2024-11-17 22:23:27] info: Database connected successfully!
[2024-11-17 22:26:30] info: Executing (default): SELECT `id`, `firstName`, `lastName`, `email`, `password`, `createdAt`, `updatedAt` FROM `Users` AS `User` WHERE `User`.`email` = 'vallurisundeep@gmail.com' LIMIT 1;
[2024-11-17 22:26:30] info: JWT generated for user: vallurisundeep@gmail.com
[2024-11-17 22:29:14] info: Executing (default): SELECT 1+1 AS result
[2024-11-17 22:29:14] info: Database connected successfully!
[2024-11-17 22:29:20] info: Executing (default): SELECT 1+1 AS result
[2024-11-17 22:29:20] info: Database connected successfully!
[2024-11-17 22:32:39] info: Executing (default): SELECT 1+1 AS result
[2024-11-17 22:32:39] info: Database connected successfully!
[2024-11-17 22:33:06] info: Executing (default): SELECT 1+1 AS result
[2024-11-17 22:33:06] info: Database connected successfully!
[2024-11-17 22:35:34] info: Executing (default): SELECT 1+1 AS result
[2024-11-17 22:35:34] info: Database connected successfully!
[2024-11-17 22:36:34] info: Executing (default): SELECT 1+1 AS result
[2024-11-17 22:36:34] info: Database connected successfully!
[2024-11-17 22:36:36] info: Executing (default): SELECT 1+1 AS result
[2024-11-17 22:36:36] info: Database connected successfully!
[2024-11-17 22:37:32] info: Executing (default): SELECT 1+1 AS result
[2024-11-17 22:37:32] info: Database connected successfully!
[2024-11-17 22:37:34] info: Executing (default): SELECT 1+1 AS result
[2024-11-17 22:37:34] info: Database connected successfully!
[2024-11-17 22:37:38] error: Error logging in user: User is not defined
[2024-11-17 22:38:15] error: Error logging in user: User is not defined
[2024-11-17 22:39:00] info: Executing (default): SELECT 1+1 AS result
[2024-11-17 22:39:00] info: Database connected successfully!
[2024-11-17 22:39:02] error: Error logging in user: User is not defined
[2024-11-17 22:39:06] info: Executing (default): SELECT 1+1 AS result
[2024-11-17 22:39:06] info: Database connected successfully!
[2024-11-17 22:39:11] info: Executing (default): SELECT 1+1 AS result
[2024-11-17 22:39:11] info: Database connected successfully!
[2024-11-17 22:39:27] info: Executing (default): SELECT 1+1 AS result
[2024-11-17 22:39:27] info: Database connected successfully!
[2024-11-17 22:39:46] error: Error logging in user: User is not defined
[2024-11-17 22:40:13] info: Executing (default): SELECT 1+1 AS result
[2024-11-17 22:40:13] info: Database connected successfully!
[2024-11-17 22:41:04] error: Error logging in user: User is not defined
[2024-11-17 22:41:21] info: Executing (default): SELECT 1+1 AS result
[2024-11-17 22:41:21] info: Database connected successfully!
[2024-11-17 22:42:05] info: Executing (default): SELECT 1+1 AS result
[2024-11-17 22:42:05] info: Database connected successfully!
[2024-11-17 22:42:06] error: Error logging in user: User is not defined
[2024-11-17 22:42:07] error: Error logging in user: User is not defined
[2024-11-17 22:42:08] error: Error logging in user: User is not defined
[2024-11-17 22:43:04] info: Executing (default): SELECT 1+1 AS result
[2024-11-17 22:43:04] info: Database connected successfully!
[2024-11-17 22:43:07] info: Executing (default): SELECT `id`, `firstName`, `lastName`, `email`, `password`, `createdAt`, `updatedAt` FROM `Users` AS `User` WHERE `User`.`email` = 'vallurisundeep@gmail.com' LIMIT 1;
[2024-11-17 22:43:07] error: Error logging in user: bcrypt is not defined
[2024-11-17 22:43:27] info: Executing (default): SELECT 1+1 AS result
[2024-11-17 22:43:27] info: Database connected successfully!
[2024-11-17 22:43:30] info: Executing (default): SELECT `id`, `firstName`, `lastName`, `email`, `password`, `createdAt`, `updatedAt` FROM `Users` AS `User` WHERE `User`.`email` = 'vallurisundeep@gmail.com' LIMIT 1;
[2024-11-17 22:43:30] error: Error logging in user: bcrypt is not defined
[2024-11-17 22:44:12] info: Executing (default): SELECT 1+1 AS result
[2024-11-17 22:44:12] info: Database connected successfully!
[2024-11-17 22:44:15] info: Executing (default): SELECT `id`, `firstName`, `lastName`, `email`, `password`, `createdAt`, `updatedAt` FROM `Users` AS `User` WHERE `User`.`email` = 'vallurisundeep@gmail.com' LIMIT 1;
[2024-11-17 22:44:51] info: Executing (default): SELECT 1+1 AS result
[2024-11-17 22:44:51] info: Database connected successfully!
[2024-11-17 22:44:54] info: Executing (default): SELECT `id`, `firstName`, `lastName`, `email`, `password`, `createdAt`, `updatedAt` FROM `Users` AS `User` WHERE `User`.`email` = 'vallurisundeep@gmail.com' LIMIT 1;
[2024-11-17 22:45:17] info: Executing (default): SELECT 1+1 AS result
[2024-11-17 22:45:17] info: Database connected successfully!
[2024-11-17 22:45:19] info: Executing (default): SELECT `id`, `firstName`, `lastName`, `email`, `password`, `createdAt`, `updatedAt` FROM `Users` AS `User` WHERE `User`.`email` = 'vallurisundeep@gmail.com' LIMIT 1;
[2024-11-17 22:45:19] error: Error logging in user: jwt is not defined
[2024-11-17 22:45:42] info: Executing (default): SELECT 1+1 AS result
[2024-11-17 22:45:42] info: Database connected successfully!
[2024-11-17 22:45:46] info: Executing (default): SELECT `id`, `firstName`, `lastName`, `email`, `password`, `createdAt`, `updatedAt` FROM `Users` AS `User` WHERE `User`.`email` = 'vallurisundeep@gmail.com' LIMIT 1;
[2024-11-17 22:45:46] info: JWT generated for user: vallurisundeep@gmail.com
[2024-11-17 22:45:46] info: Executing (default): INSERT INTO `RefreshTokens` (`id`,`token`,`userId`,`createdAt`,`updatedAt`) VALUES (DEFAULT,?,?,?,?);
[2024-11-17 22:45:46] error: Error logging in user: Table 'h1bdata.refreshtokens' doesn't exist
[2024-11-17 22:45:47] info: Executing (default): SELECT `id`, `firstName`, `lastName`, `email`, `password`, `createdAt`, `updatedAt` FROM `Users` AS `User` WHERE `User`.`email` = 'vallurisundeep@gmail.com' LIMIT 1;
[2024-11-17 22:45:47] info: JWT generated for user: vallurisundeep@gmail.com
[2024-11-17 22:45:47] info: Executing (default): INSERT INTO `RefreshTokens` (`id`,`token`,`userId`,`createdAt`,`updatedAt`) VALUES (DEFAULT,?,?,?,?);
[2024-11-17 22:45:47] error: Error logging in user: Table 'h1bdata.refreshtokens' doesn't exist
[2024-11-17 22:47:02] info: Executing (default): SELECT 1+1 AS result
[2024-11-17 22:47:02] info: Database connected successfully!
[2024-11-17 22:47:06] info: Executing (default): SELECT `id`, `firstName`, `lastName`, `email`, `password`, `createdAt`, `updatedAt` FROM `Users` AS `User` WHERE `User`.`email` = 'vallurisundeep@gmail.com' LIMIT 1;
[2024-11-17 22:47:06] info: JWT generated for user: vallurisundeep@gmail.com
[2024-11-17 22:47:06] error: Error logging in user: RefreshToken is not defined
[2024-11-17 22:47:50] info: Executing (default): SELECT 1+1 AS result
[2024-11-17 22:47:50] info: Database connected successfully!
[2024-11-17 22:47:52] info: Executing (default): SELECT `id`, `firstName`, `lastName`, `email`, `password`, `createdAt`, `updatedAt` FROM `Users` AS `User` WHERE `User`.`email` = 'vallurisundeep@gmail.com' LIMIT 1;
[2024-11-17 22:47:52] info: JWT generated for user: vallurisundeep@gmail.com
[2024-11-17 22:47:52] info: Executing (default): INSERT INTO `RefreshTokens` (`id`,`token`,`userId`,`createdAt`,`updatedAt`) VALUES (DEFAULT,?,?,?,?);
[2024-11-17 22:47:52] error: Error logging in user: Table 'h1bdata.refreshtokens' doesn't exist
[2024-11-17 22:48:43] info: Executing (default): SELECT `id`, `firstName`, `lastName`, `email`, `password`, `createdAt`, `updatedAt` FROM `Users` AS `User` WHERE `User`.`email` = 'vallurisundeep@gmail.com' LIMIT 1;
[2024-11-17 22:48:43] info: JWT generated for user: vallurisundeep@gmail.com
[2024-11-17 22:48:43] info: Executing (default): INSERT INTO `RefreshTokens` (`id`,`token`,`userId`,`createdAt`,`updatedAt`) VALUES (DEFAULT,?,?,?,?);
[2024-11-17 22:48:43] error: Error logging in user: Table 'h1bdata.refreshtokens' doesn't exist
[2024-11-17 22:49:12] info: Executing (default): SELECT `id`, `firstName`, `lastName`, `email`, `password`, `createdAt`, `updatedAt` FROM `Users` AS `User` WHERE `User`.`email` = 'vallurisundeep@gmail.com' LIMIT 1;
[2024-11-17 22:49:12] info: JWT generated for user: vallurisundeep@gmail.com
[2024-11-17 22:49:12] info: Executing (default): INSERT INTO `RefreshTokens` (`id`,`token`,`userId`,`createdAt`,`updatedAt`) VALUES (DEFAULT,?,?,?,?);
[2024-11-17 22:49:12] error: Error logging in user: Unknown column 'userId' in 'field list'
[2024-11-17 22:49:36] info: Executing (default): SELECT 1+1 AS result
[2024-11-17 22:49:36] info: Database connected successfully!
[2024-11-17 22:49:38] info: Executing (default): SELECT `id`, `firstName`, `lastName`, `email`, `password`, `createdAt`, `updatedAt` FROM `Users` AS `User` WHERE `User`.`email` = 'vallurisundeep@gmail.com' LIMIT 1;
[2024-11-17 22:49:38] info: JWT generated for user: vallurisundeep@gmail.com
[2024-11-17 22:49:38] error: Error logging in user: notNull Violation: RefreshToken.user_id cannot be null
[2024-11-17 22:50:50] info: Executing (default): SELECT `id`, `firstName`, `lastName`, `email`, `password`, `createdAt`, `updatedAt` FROM `Users` AS `User` WHERE `User`.`email` = 'vallurisundeep@gmail.com' LIMIT 1;
[2024-11-17 22:50:50] info: JWT generated for user: vallurisundeep@gmail.com
[2024-11-17 22:50:50] error: Error logging in user: notNull Violation: RefreshToken.user_id cannot be null
[2024-11-17 22:50:51] info: Executing (default): SELECT `id`, `firstName`, `lastName`, `email`, `password`, `createdAt`, `updatedAt` FROM `Users` AS `User` WHERE `User`.`email` = 'vallurisundeep@gmail.com' LIMIT 1;
[2024-11-17 22:50:51] info: JWT generated for user: vallurisundeep@gmail.com
[2024-11-17 22:50:51] error: Error logging in user: notNull Violation: RefreshToken.user_id cannot be null
[2024-11-17 22:50:59] info: Executing (default): SELECT `id`, `firstName`, `lastName`, `email`, `password`, `createdAt`, `updatedAt` FROM `Users` AS `User` WHERE `User`.`email` = 'vallurisundeep@gmail.com' LIMIT 1;
[2024-11-17 22:50:59] info: JWT generated for user: vallurisundeep@gmail.com
[2024-11-17 22:50:59] error: Error logging in user: notNull Violation: RefreshToken.user_id cannot be null
[2024-11-17 22:51:33] info: Executing (default): SELECT 1+1 AS result
[2024-11-17 22:51:33] info: Database connected successfully!
[2024-11-17 22:51:35] info: Executing (default): SELECT 1+1 AS result
[2024-11-17 22:51:35] info: Database connected successfully!
[2024-11-17 22:52:12] info: Executing (default): SELECT 1+1 AS result
[2024-11-17 22:52:12] info: Database connected successfully!
[2024-11-17 22:52:26] info: Executing (default): SELECT 1+1 AS result
[2024-11-17 22:52:26] info: Database connected successfully!
[2024-11-17 22:52:30] info: Executing (default): SELECT `id`, `firstName`, `lastName`, `email`, `password`, `createdAt`, `updatedAt` FROM `Users` AS `User` WHERE `User`.`email` = 'vallurisundeep@gmail.com' LIMIT 1;
[2024-11-17 22:52:30] info: JWT generated for user: vallurisundeep@gmail.com
[2024-11-17 22:52:30] error: Error logging in user: notNull Violation: RefreshToken.user_id cannot be null
[2024-11-17 22:52:31] info: Executing (default): SELECT `id`, `firstName`, `lastName`, `email`, `password`, `createdAt`, `updatedAt` FROM `Users` AS `User` WHERE `User`.`email` = 'vallurisundeep@gmail.com' LIMIT 1;
[2024-11-17 22:52:31] info: JWT generated for user: vallurisundeep@gmail.com
[2024-11-17 22:52:31] error: Error logging in user: notNull Violation: RefreshToken.user_id cannot be null
[2024-11-17 22:52:50] info: Executing (default): SELECT `id`, `firstName`, `lastName`, `email`, `password`, `createdAt`, `updatedAt` FROM `Users` AS `User` WHERE `User`.`email` = 'vallurisundeep@gmail.com' LIMIT 1;
[2024-11-17 22:52:50] info: JWT generated for user: vallurisundeep@gmail.com
[2024-11-17 22:53:55] error: Error logging in user: notNull Violation: RefreshToken.user_id cannot be null
[2024-11-17 22:53:58] info: Executing (default): SELECT `id`, `firstName`, `lastName`, `email`, `password`, `createdAt`, `updatedAt` FROM `Users` AS `User` WHERE `User`.`email` = 'vallurisundeep@gmail.com' LIMIT 1;
[2024-11-17 22:54:50] info: JWT generated for user: vallurisundeep@gmail.com
[2024-11-17 22:55:40] info: Executing (default): SELECT 1+1 AS result
[2024-11-17 22:55:40] info: Database connected successfully!
[2024-11-17 22:55:42] info: Executing (default): SELECT `id`, `firstName`, `lastName`, `email`, `password`, `createdAt`, `updatedAt` FROM `Users` AS `User` WHERE `User`.`email` = 'vallurisundeep@gmail.com' LIMIT 1;
[2024-11-17 22:55:45] info: JWT generated for user: vallurisundeep@gmail.com
[2024-11-17 22:55:49] info: Executing (default): INSERT INTO `RefreshTokens` (`id`,`token`,`user_id`,`createdAt`,`updatedAt`) VALUES (DEFAULT,?,?,?,?);
[2024-11-17 22:55:50] error: Error logging in user: Unknown column 'createdAt' in 'field list'
[2024-11-17 22:59:44] info: Executing (default): SELECT `id`, `firstName`, `lastName`, `email`, `password`, `createdAt`, `updatedAt` FROM `Users` AS `User` WHERE `User`.`email` = 'vallurisundeep@gmail.com' LIMIT 1;
[2024-11-17 22:59:46] info: JWT generated for user: vallurisundeep@gmail.com
[2024-11-17 22:59:49] info: Executing (default): INSERT INTO `RefreshTokens` (`id`,`token`,`user_id`,`createdAt`,`updatedAt`) VALUES (DEFAULT,?,?,?,?);
[2024-11-17 22:59:49] error: Error logging in user: Unknown column 'createdAt' in 'field list'
[2024-11-17 23:00:48] info: Executing (default): SELECT `id`, `firstName`, `lastName`, `email`, `password`, `createdAt`, `updatedAt` FROM `Users` AS `User` WHERE `User`.`email` = 'vallurisundeep@gmail.com' LIMIT 1;
[2024-11-17 23:00:51] info: JWT generated for user: vallurisundeep@gmail.com
[2024-11-17 23:00:51] info: Executing (default): INSERT INTO `RefreshTokens` (`id`,`token`,`user_id`,`createdAt`,`updatedAt`) VALUES (DEFAULT,?,?,?,?);
[2024-11-17 23:00:51] info: Refresh token generated for user: vallurisundeep@gmail.com
[2024-11-17 23:01:18] info: Executing (default): INSERT INTO `Users` (`id`,`firstName`,`lastName`,`email`,`password`,`createdAt`,`updatedAt`) VALUES (DEFAULT,?,?,?,?,?,?);
[2024-11-17 23:01:18] error: Error creating user: Validation error
[2024-11-17 23:01:33] info: Executing (default): INSERT INTO `Users` (`id`,`firstName`,`lastName`,`email`,`password`,`createdAt`,`updatedAt`) VALUES (DEFAULT,?,?,?,?,?,?);
[2024-11-17 23:07:05] info: Executing (default): INSERT INTO `Users` (`id`,`firstName`,`lastName`,`email`,`password`,`createdAt`,`updatedAt`) VALUES (DEFAULT,?,?,?,?,?,?);
[2024-11-17 23:07:05] error: Error creating user: Validation error
[2024-11-17 23:07:20] info: Executing (default): INSERT INTO `Users` (`id`,`firstName`,`lastName`,`email`,`password`,`createdAt`,`updatedAt`) VALUES (DEFAULT,?,?,?,?,?,?);
[2024-11-17 23:07:20] error: Error creating user: Validation error
[2024-11-17 23:07:58] info: Executing (default): INSERT INTO `Users` (`id`,`firstName`,`lastName`,`email`,`password`,`createdAt`,`updatedAt`) VALUES (DEFAULT,?,?,?,?,?,?);
[2024-11-17 23:08:56] info: Executing (default): SELECT 1+1 AS result
[2024-11-17 23:08:56] info: Database connected successfully!
[2024-11-17 23:09:13] info: Executing (default): SELECT `id`, `firstName`, `lastName`, `email`, `password`, `createdAt`, `updatedAt` FROM `Users` AS `User` WHERE `User`.`email` = 'vallurisundeep1@gmail.com' LIMIT 1;
[2024-11-17 23:09:15] info: Executing (default): SELECT `id`, `firstName`, `lastName`, `email`, `password`, `createdAt`, `updatedAt` FROM `Users` AS `User` WHERE `User`.`email` = 'vallurisundeep1@gmail.com' LIMIT 1;
[2024-11-17 23:09:16] info: Executing (default): SELECT `id`, `firstName`, `lastName`, `email`, `password`, `createdAt`, `updatedAt` FROM `Users` AS `User` WHERE `User`.`email` = 'vallurisundeep1@gmail.com' LIMIT 1;
[2024-11-17 23:09:29] info: Executing (default): SELECT `id`, `firstName`, `lastName`, `email`, `password`, `createdAt`, `updatedAt` FROM `Users` AS `User` WHERE `User`.`email` = 'vallurisundeep@gmail.com' LIMIT 1;
[2024-11-17 23:09:29] info: JWT generated for user: vallurisundeep@gmail.com
[2024-11-17 23:09:29] info: Executing (default): INSERT INTO `RefreshTokens` (`id`,`token`,`user_id`,`createdAt`,`updatedAt`) VALUES (DEFAULT,?,?,?,?);
[2024-11-17 23:09:29] info: Refresh token generated for user: vallurisundeep@gmail.com
[2024-11-18 19:40:33] info: Executing (default): SELECT 1+1 AS result
[2024-11-18 19:40:33] info: Database connected successfully!
[2024-11-18 19:41:34] info: Executing (default): SELECT 1+1 AS result
[2024-11-18 19:41:34] info: Database connected successfully!
[2024-11-18 19:41:55] info: Executing (default): SELECT 1+1 AS result
[2024-11-18 19:41:55] info: Database connected successfully!
[2024-11-18 19:42:02] info: Executing (default): SELECT 1+1 AS result
[2024-11-18 19:42:02] info: Database connected successfully!
[2024-11-18 19:43:20] info: Executing (default): SELECT 1+1 AS result
[2024-11-18 19:43:20] info: Database connected successfully!
[2024-11-18 19:44:20] info: Executing (default): SELECT 1+1 AS result
[2024-11-18 19:44:20] info: Database connected successfully!
[2024-11-18 19:44:50] info: Executing (default): SELECT 1+1 AS result
[2024-11-18 19:44:50] info: Database connected successfully!
[2024-11-18 19:45:12] info: Executing (default): SELECT `id`, `firstName`, `lastName`, `email`, `password`, `role`, `createdAt`, `updatedAt` FROM `Users` AS `User` WHERE `User`.`email` = 'vallurisundeep1@gmail.com' LIMIT 1;
[2024-11-18 19:45:19] info: Executing (default): SELECT `id`, `firstName`, `lastName`, `email`, `password`, `role`, `createdAt`, `updatedAt` FROM `Users` AS `User` WHERE `User`.`email` = 'sa@gmail.com' LIMIT 1;
[2024-11-18 19:45:19] error: Error creating user: role is not defined
[2024-11-18 19:45:31] info: Executing (default): SELECT `id`, `firstName`, `lastName`, `email`, `password`, `role`, `createdAt`, `updatedAt` FROM `Users` AS `User` WHERE `User`.`email` = 'vallurisundeep@gmail.com' LIMIT 1;
[2024-11-18 19:45:31] info: JWT generated for user: vallurisundeep@gmail.com
[2024-11-18 19:45:31] info: Executing (default): INSERT INTO `RefreshTokens` (`id`,`token`,`user_id`,`createdAt`,`updatedAt`) VALUES (DEFAULT,?,?,?,?);
[2024-11-18 19:45:31] info: Refresh token generated for user: vallurisundeep@gmail.com
[2024-11-18 19:49:28] info: Executing (default): SELECT `id`, `firstName`, `lastName`, `email`, `password`, `role`, `createdAt`, `updatedAt` FROM `Users` AS `User` WHERE `User`.`email` = 'sa@gmail.com' LIMIT 1;
[2024-11-18 19:49:28] error: Error creating user: role is not defined
[2024-11-18 19:50:49] info: Executing (default): SELECT 1+1 AS result
[2024-11-18 19:50:49] info: Database connected successfully!
[2024-11-18 19:51:07] info: Executing (default): SELECT `id`, `firstName`, `lastName`, `email`, `password`, `role`, `createdAt`, `updatedAt` FROM `Users` AS `User` WHERE `User`.`email` = 'sa@gmail.com' LIMIT 1;
[2024-11-18 19:51:07] error: Error creating user: role is not defined
[2024-11-18 19:51:21] info: Executing (default): SELECT `id`, `firstName`, `lastName`, `email`, `password`, `role`, `createdAt`, `updatedAt` FROM `Users` AS `User` WHERE `User`.`email` = 'sa@gmail.com' LIMIT 1;
[2024-11-18 19:52:54] info: Executing (default): SELECT 1+1 AS result
[2024-11-18 19:52:54] info: Database connected successfully!
[2024-11-18 19:53:00] info: Executing (default): SELECT `id`, `firstName`, `lastName`, `email`, `password`, `role`, `createdAt`, `updatedAt` FROM `Users` AS `User` WHERE `User`.`email` = 'sa@gmail.com' LIMIT 1;
[2024-11-18 19:53:23] info: Executing (default): SELECT `id`, `firstName`, `lastName`, `email`, `password`, `role`, `createdAt`, `updatedAt` FROM `Users` AS `User` WHERE `User`.`email` = 'sa@gmail.com' LIMIT 1;
[2024-11-18 19:54:15] info: Executing (default): SELECT 1+1 AS result
[2024-11-18 19:54:15] info: Database connected successfully!
[2024-11-18 19:54:43] info: Executing (default): SELECT `id`, `firstName`, `lastName`, `email`, `password`, `role`, `createdAt`, `updatedAt` FROM `Users` AS `User` WHERE `User`.`email` = 'sa@gmail.com' LIMIT 1;
[2024-11-18 19:57:43] info: Executing (default): SELECT 1+1 AS result
[2024-11-18 19:57:43] info: Database connected successfully!
[2024-11-18 19:57:50] info: Executing (default): SELECT `id`, `firstName`, `lastName`, `email`, `password`, `role`, `createdAt`, `updatedAt` FROM `Users` AS `User` WHERE `User`.`email` = 'sa@gmail.com' LIMIT 1;
[2024-11-18 19:58:04] info: Executing (default): SELECT `id`, `firstName`, `lastName`, `email`, `password`, `role`, `createdAt`, `updatedAt` FROM `Users` AS `User` WHERE `User`.`email` = 'sa@gmail.com' LIMIT 1;
[2024-11-18 20:01:04] info: Executing (default): SELECT 1+1 AS result
[2024-11-18 20:01:04] info: Database connected successfully!
[2024-11-18 20:01:25] info: Executing (default): SELECT 1+1 AS result
[2024-11-18 20:01:25] info: Database connected successfully!
[2024-11-18 20:02:18] info: Executing (default): SELECT 1+1 AS result
[2024-11-18 20:02:18] info: Database connected successfully!
[2024-11-18 20:02:21] info: Executing (default): SELECT `id`, `firstName`, `lastName`, `email`, `password`, `role`, `createdAt`, `updatedAt` FROM `Users` AS `User` WHERE `User`.`email` = 'vallurisundeep@gmail.com' LIMIT 1;
[2024-11-18 20:02:21] info: JWT generated for user: vallurisundeep@gmail.com
[2024-11-18 20:02:21] error: Error logging in user: notNull Violation: RefreshToken.user_id cannot be null
[2024-11-18 20:04:36] info: Executing (default): SELECT 1+1 AS result
[2024-11-18 20:04:36] info: Database connected successfully!
[2024-11-18 20:04:41] info: Executing (default): SELECT `id`, `firstName`, `lastName`, `email`, `password`, `role`, `createdAt`, `updatedAt` FROM `Users` AS `User` WHERE `User`.`email` = 'vallurisundeep@gmail.com' LIMIT 1;
[2024-11-18 20:04:42] info: JWT generated for user: vallurisundeep@gmail.com
[2024-11-18 20:04:42] error: Error logging in user: notNull Violation: RefreshToken.user_id cannot be null
[2024-11-18 20:05:06] info: Executing (default): SELECT `id`, `firstName`, `lastName`, `email`, `password`, `role`, `createdAt`, `updatedAt` FROM `Users` AS `User` WHERE `User`.`email` = 'vallurisundeep@gmail.com' LIMIT 1;
[2024-11-18 20:06:11] info: JWT generated for user: vallurisundeep@gmail.com
[2024-11-18 20:07:07] info: Executing (default): SELECT 1+1 AS result
[2024-11-18 20:07:07] info: Database connected successfully!
[2024-11-18 20:07:10] info: Executing (default): SELECT `id`, `firstName`, `lastName`, `email`, `password`, `role`, `createdAt`, `updatedAt` FROM `Users` AS `User` WHERE `User`.`email` = 'vallurisundeep@gmail.com' LIMIT 1;
[2024-11-18 20:07:10] info: JWT generated for user: vallurisundeep@gmail.com
[2024-11-18 20:07:10] error: Error logging in user: notNull Violation: RefreshToken.user_id cannot be null
[2024-11-18 20:19:20] info: Executing (default): SELECT 1+1 AS result
[2024-11-18 20:19:20] info: Database connected successfully!
[2024-11-18 20:19:25] info: Executing (default): SELECT `id`, `firstName`, `lastName`, `email`, `password`, `role`, `createdAt`, `updatedAt` FROM `Users` AS `User` WHERE `User`.`email` = 'vallurisundeep@gmail.com' LIMIT 1;
[2024-11-18 20:19:25] info: JWT generated for user: vallurisundeep@gmail.com
[2024-11-18 20:19:25] error: Error logging in user: notNull Violation: RefreshToken.user_id cannot be null
[2024-11-18 20:19:33] info: Executing (default): SELECT `id`, `firstName`, `lastName`, `email`, `password`, `role`, `createdAt`, `updatedAt` FROM `Users` AS `User` WHERE `User`.`email` = 'vallurisundeep@gmail.com' LIMIT 1;
[2024-11-18 20:19:33] info: JWT generated for user: vallurisundeep@gmail.com
[2024-11-18 20:19:33] error: Error logging in user: notNull Violation: RefreshToken.user_id cannot be null
[2024-11-18 20:19:55] info: Executing (default): SELECT 1+1 AS result
[2024-11-18 20:19:55] info: Database connected successfully!
[2024-11-18 20:19:59] info: Executing (default): SELECT `id`, `firstName`, `lastName`, `email`, `password`, `role`, `createdAt`, `updatedAt` FROM `Users` AS `User` WHERE `User`.`email` = 'vallurisundeep@gmail.com' LIMIT 1;
[2024-11-18 20:19:59] info: JWT generated for user: vallurisundeep@gmail.com
[2024-11-18 20:19:59] error: Error logging in user: refreshToken is not defined
[2024-11-18 20:20:00] info: Executing (default): SELECT `id`, `firstName`, `lastName`, `email`, `password`, `role`, `createdAt`, `updatedAt` FROM `Users` AS `User` WHERE `User`.`email` = 'vallurisundeep@gmail.com' LIMIT 1;
[2024-11-18 20:20:00] info: JWT generated for user: vallurisundeep@gmail.com
[2024-11-18 20:20:00] error: Error logging in user: refreshToken is not defined
[2024-11-18 20:20:24] info: Executing (default): SELECT 1+1 AS result
[2024-11-18 20:20:24] info: Database connected successfully!
[2024-11-18 20:20:27] info: Executing (default): SELECT `id`, `firstName`, `lastName`, `email`, `password`, `role`, `createdAt`, `updatedAt` FROM `Users` AS `User` WHERE `User`.`email` = 'vallurisundeep@gmail.com' LIMIT 1;
[2024-11-18 20:20:28] info: JWT generated for user: vallurisundeep@gmail.com
[2024-11-18 20:20:28] error: Error logging in user: notNull Violation: RefreshToken.user_id cannot be null
[2024-11-18 20:22:37] info: Executing (default): SELECT 1+1 AS result
[2024-11-18 20:22:37] info: Database connected successfully!
[2024-11-18 20:22:43] info: Executing (default): SELECT `id`, `firstName`, `lastName`, `email`, `password`, `role`, `createdAt`, `updatedAt` FROM `Users` AS `User` WHERE `User`.`email` = 'vallurisundeep@gmail.com' LIMIT 1;
[2024-11-18 20:22:43] info: JWT generated for user: vallurisundeep@gmail.com
[2024-11-18 20:22:43] error: Error logging in user: notNull Violation: RefreshToken.user_id cannot be null
[2024-11-18 20:22:50] info: Executing (default): SELECT 1+1 AS result
[2024-11-18 20:22:50] info: Database connected successfully!
[2024-11-18 20:22:53] info: Executing (default): SELECT `id`, `firstName`, `lastName`, `email`, `password`, `role`, `createdAt`, `updatedAt` FROM `Users` AS `User` WHERE `User`.`email` = 'vallurisundeep@gmail.com' LIMIT 1;
[2024-11-18 20:22:53] info: JWT generated for user: vallurisundeep@gmail.com
[2024-11-18 20:22:53] error: Error logging in user: notNull Violation: RefreshToken.user_id cannot be null
[2024-11-18 20:23:18] info: Executing (default): SELECT 1+1 AS result
[2024-11-18 20:23:18] info: Database connected successfully!
[2024-11-18 20:24:24] info: Executing (default): SELECT `id`, `firstName`, `lastName`, `email`, `password`, `role`, `createdAt`, `updatedAt` FROM `Users` AS `User` WHERE `User`.`email` = 'vallurisundeep@gmail.com' LIMIT 1;
[2024-11-18 20:24:24] info: JWT generated for user: vallurisundeep@gmail.com
[2024-11-18 20:24:25] error: Error logging in user: notNull Violation: RefreshToken.user_id cannot be null
[2024-11-18 20:24:42] info: Executing (default): SELECT `id`, `firstName`, `lastName`, `email`, `password`, `role`, `createdAt`, `updatedAt` FROM `Users` AS `User` WHERE `User`.`email` = 'vallurisundeep@gmail.com' LIMIT 1;
[2024-11-18 20:24:50] info: JWT generated for user: vallurisundeep@gmail.com
[2024-11-18 20:25:55] error: Error logging in user: notNull Violation: RefreshToken.user_id cannot be null
[2024-11-18 20:26:02] info: Executing (default): SELECT `id`, `firstName`, `lastName`, `email`, `password`, `role`, `createdAt`, `updatedAt` FROM `Users` AS `User` WHERE `User`.`email` = 'vallurisundeep@gmail.com' LIMIT 1;
[2024-11-18 20:26:08] info: JWT generated for user: vallurisundeep@gmail.com
[2024-11-18 20:26:08] error: Error logging in user: notNull Violation: RefreshToken.user_id cannot be null
[2024-11-18 20:26:26] info: Executing (default): SELECT 1+1 AS result
[2024-11-18 20:26:26] info: Database connected successfully!
[2024-11-18 20:26:30] info: Executing (default): SELECT `id`, `firstName`, `lastName`, `email`, `password`, `role`, `createdAt`, `updatedAt` FROM `Users` AS `User` WHERE `User`.`email` = 'vallurisundeep@gmail.com' LIMIT 1;
[2024-11-18 20:26:30] info: JWT generated for user: vallurisundeep@gmail.com
[2024-11-18 20:26:30] info: Executing (default): INSERT INTO `RefreshTokens` (`id`,`token`,`user_id`,`createdAt`,`updatedAt`) VALUES (DEFAULT,?,?,?,?);
[2024-11-18 20:26:30] info: Refresh token generated for user: vallurisundeep@gmail.com
[2024-11-18 20:29:57] info: Executing (default): SELECT 1+1 AS result
[2024-11-18 20:29:57] info: Database connected successfully!
[2024-11-18 20:32:05] info: Executing (default): SELECT 1+1 AS result
[2024-11-18 20:32:05] info: Database connected successfully!
[2024-11-18 20:33:23] info: Executing (default): SELECT 1+1 AS result
[2024-11-18 20:33:23] info: Database connected successfully!
[2024-11-18 20:33:33] info: Executing (default): SELECT 1+1 AS result
[2024-11-18 20:33:33] info: Database connected successfully!
[2024-11-18 20:33:58] info: Executing (default): SELECT 1+1 AS result
[2024-11-18 20:33:58] info: Database connected successfully!
[2024-11-18 20:35:05] info: Executing (default): SELECT 1+1 AS result
[2024-11-18 20:35:05] info: Database connected successfully!
[2024-11-18 20:40:01] info: Executing (default): SELECT 1+1 AS result
[2024-11-18 20:40:01] info: Database connected successfully!
[2024-11-18 20:51:42] info: Executing (default): SELECT `id`, `firstName`, `lastName`, `email`, `password`, `role`, `createdAt`, `updatedAt` FROM `Users` AS `User` WHERE `User`.`email` = 'vallurisundeep@gmail.com' LIMIT 1;
[2024-11-18 20:51:42] info: JWT generated for user: vallurisundeep@gmail.com
[2024-11-18 20:51:42] info: Executing (default): INSERT INTO `RefreshTokens` (`id`,`token`,`user_id`,`createdAt`,`updatedAt`) VALUES (DEFAULT,?,?,?,?);
[2024-11-18 20:51:42] info: Refresh token generated for user: vallurisundeep@gmail.com
[2024-11-18 20:51:42] info: Executing (default): SELECT `id`, `firstName`, `lastName`, `email`, `password`, `role`, `createdAt`, `updatedAt` FROM `Users` AS `User` WHERE `User`.`email` = 'vallurisundeep@gmail.com' LIMIT 1;
[2024-11-18 20:51:43] info: JWT generated for user: vallurisundeep@gmail.com
[2024-11-18 20:51:43] info: Executing (default): INSERT INTO `RefreshTokens` (`id`,`token`,`user_id`,`createdAt`,`updatedAt`) VALUES (DEFAULT,?,?,?,?);
[2024-11-18 20:51:43] info: Refresh token generated for user: vallurisundeep@gmail.com
[2024-11-18 20:53:24] info: Executing (default): SELECT `id`, `firstName`, `lastName`, `email`, `password`, `role`, `createdAt`, `updatedAt` FROM `Users` AS `User` WHERE `User`.`email` = 'vallurisundeep@gmail.com' LIMIT 1;
[2024-11-18 20:53:24] info: JWT generated for user: vallurisundeep@gmail.com
[2024-11-18 20:53:24] info: Executing (default): INSERT INTO `RefreshTokens` (`id`,`token`,`user_id`,`createdAt`,`updatedAt`) VALUES (DEFAULT,?,?,?,?);
[2024-11-18 20:53:24] info: Refresh token generated for user: vallurisundeep@gmail.com
[2024-11-18 20:54:02] info: Executing (default): SELECT 1+1 AS result
[2024-11-18 20:54:02] info: Database connected successfully!
[2024-11-18 20:54:14] info: Executing (default): SELECT `id`, `firstName`, `lastName`, `email`, `password`, `role`, `createdAt`, `updatedAt` FROM `Users` AS `User` WHERE `User`.`email` = 'vallurisundeep@gmail.com' LIMIT 1;
[2024-11-18 20:56:38] info: Executing (default): SELECT 1+1 AS result
[2024-11-18 20:56:38] info: Database connected successfully!
[2024-11-18 20:56:42] info: Executing (default): SELECT `id`, `firstName`, `lastName`, `email`, `password`, `role`, `createdAt`, `updatedAt` FROM `Users` AS `User` WHERE `User`.`email` = 'vallurisundeep@gmail.com' LIMIT 1;
[2024-11-18 20:56:42] info: JWT generated for user: vallurisundeep@gmail.com
[2024-11-18 20:56:42] info: Executing (default): INSERT INTO `RefreshTokens` (`id`,`token`,`user_id`,`createdAt`,`updatedAt`) VALUES (DEFAULT,?,?,?,?);
[2024-11-18 20:56:42] info: Refresh token generated for user: vallurisundeep@gmail.com
[2024-11-18 20:57:11] info: Executing (default): SELECT 1+1 AS result
[2024-11-18 20:57:11] info: Database connected successfully!
[2024-11-18 20:57:18] info: Executing (default): SELECT `id`, `firstName`, `lastName`, `email`, `password`, `role`, `createdAt`, `updatedAt` FROM `Users` AS `User` WHERE `User`.`email` = 'vallurisundeep@gmail.com' LIMIT 1;
[2024-11-18 20:57:28] info: JWT generated for user: vallurisundeep@gmail.com
[2024-11-18 20:57:45] info: Executing (default): INSERT INTO `RefreshTokens` (`id`,`token`,`user_id`,`createdAt`,`updatedAt`) VALUES (DEFAULT,?,?,?,?);
[2024-11-18 20:58:03] info: Executing (default): SELECT 1+1 AS result
[2024-11-18 20:58:03] info: Database connected successfully!
[2024-11-18 20:58:07] info: Executing (default): SELECT `id`, `firstName`, `lastName`, `email`, `password`, `role`, `createdAt`, `updatedAt` FROM `Users` AS `User` WHERE `User`.`email` = 'vallurisundeep@gmail.com' LIMIT 1;
[2024-11-18 20:58:07] info: JWT generated for user: vallurisundeep@gmail.com
[2024-11-18 20:58:07] info: Executing (default): INSERT INTO `RefreshTokens` (`id`,`token`,`user_id`,`createdAt`,`updatedAt`) VALUES (DEFAULT,?,?,?,?);
[2024-11-18 20:58:07] info: Refresh token generated for user: vallurisundeep@gmail.com
[2024-11-18 21:51:39] info: Executing (default): SELECT 1+1 AS result
[2024-11-18 21:51:39] info: Database connected successfully!
[2024-11-18 21:53:18] info: Executing (default): SELECT 1+1 AS result
[2024-11-18 21:53:18] info: Database connected successfully!
[2024-11-18 21:53:22] info: Executing (default): SELECT `id`, `firstName`, `lastName`, `email`, `password`, `role`, `createdAt`, `updatedAt` FROM `Users` AS `User` WHERE `User`.`email` = 'vallurisundeep@gmail.com' LIMIT 1;
[2024-11-18 21:53:23] info: JWT generated for user: vallurisundeep@gmail.com
[2024-11-18 21:53:23] info: Executing (default): INSERT INTO `RefreshTokens` (`id`,`token`,`user_id`,`createdAt`,`updatedAt`) VALUES (DEFAULT,?,?,?,?);
[2024-11-18 21:53:23] info: Refresh token generated for user: vallurisundeep@gmail.com
[2024-11-18 21:55:30] info: Executing (default): SELECT `id`, `firstName`, `lastName`, `email`, `password`, `role`, `createdAt`, `updatedAt` FROM `Users` AS `User` WHERE `User`.`email` = 'sundeep@zenxservices.com' LIMIT 1;
[2024-11-18 21:55:30] info: Executing (default): INSERT INTO `Users` (`id`,`firstName`,`lastName`,`email`,`password`,`role`,`createdAt`,`updatedAt`) VALUES (DEFAULT,?,?,?,?,?,?,?);
[2024-11-18 22:03:37] info: Executing (default): SELECT 1+1 AS result
[2024-11-18 22:03:37] info: Database connected successfully!
[2024-11-18 22:10:52] info: Executing (default): SELECT 1+1 AS result
[2024-11-18 22:10:52] info: Database connected successfully!
[2024-11-18 22:12:04] info: Executing (default): SELECT `id`, `firstName`, `lastName`, `email`, `password`, `role`, `createdAt`, `updatedAt` FROM `Users` AS `User` WHERE `User`.`email` = 'raaa@zenxservices.com' LIMIT 1;
[2024-11-18 22:12:04] info: Executing (default): INSERT INTO `Users` (`id`,`firstName`,`lastName`,`email`,`password`,`role`,`createdAt`,`updatedAt`) VALUES (DEFAULT,?,?,?,?,?,?,?);
[2024-11-18 22:13:34] info: Executing (default): SELECT 1+1 AS result
[2024-11-18 22:13:34] info: Database connected successfully!
[2024-11-18 22:13:54] info: Executing (default): SELECT 1+1 AS result
[2024-11-18 22:13:54] info: Database connected successfully!
[2024-11-18 22:14:39] info: Executing (default): SELECT `id`, `firstName`, `lastName`, `email`, `password`, `role`, `createdAt`, `updatedAt` FROM `Users` AS `User` WHERE `User`.`email` = 'vallurisundeep@gmail.com' LIMIT 1;
[2024-11-18 22:14:39] info: JWT generated for user: vallurisundeep@gmail.com
[2024-11-18 22:14:39] info: Executing (default): INSERT INTO `RefreshTokens` (`id`,`token`,`user_id`,`createdAt`,`updatedAt`) VALUES (DEFAULT,?,?,?,?);
[2024-11-18 22:14:39] info: Refresh token generated for user: vallurisundeep@gmail.com
[2024-11-18 22:17:15] info: Executing (default): SELECT 1+1 AS result
[2024-11-18 22:17:15] info: Database connected successfully!
[2024-11-18 22:18:21] info: Executing (default): SELECT 1+1 AS result
[2024-11-18 22:18:21] info: Database connected successfully!
[2024-11-18 22:18:47] info: Executing (default): SELECT 1+1 AS result
[2024-11-18 22:18:47] info: Database connected successfully!
[2024-11-18 22:21:02] info: Executing (default): SELECT `id`, `firstName`, `lastName`, `email`, `password`, `role`, `createdAt`, `updatedAt` FROM `Users` AS `User` WHERE `User`.`email` = 'saaa@zenxservices.com' LIMIT 1;
[2024-11-18 22:21:02] info: Executing (default): INSERT INTO `Users` (`id`,`firstName`,`lastName`,`email`,`password`,`role`,`createdAt`,`updatedAt`) VALUES (DEFAULT,?,?,?,?,?,?,?);
[2024-11-18 22:21:58] info: Executing (default): SELECT `id`, `firstName`, `lastName`, `email`, `password`, `role`, `createdAt`, `updatedAt` FROM `Users` AS `User` WHERE `User`.`email` = 'vallurisundeep@gmail.com' LIMIT 1;
[2024-11-18 22:21:58] info: JWT generated for user: vallurisundeep@gmail.com
[2024-11-18 22:21:58] info: Executing (default): INSERT INTO `RefreshTokens` (`id`,`token`,`user_id`,`createdAt`,`updatedAt`) VALUES (DEFAULT,?,?,?,?);
[2024-11-18 22:21:58] info: Refresh token generated for user: vallurisundeep@gmail.com
[2024-11-18 22:24:17] info: Executing (default): SELECT 1+1 AS result
[2024-11-18 22:24:17] info: Database connected successfully!
[2024-11-18 22:24:48] error: Error refreshing token: invalid signature
[2024-11-18 22:24:58] error: Error refreshing token: invalid signature
[2024-11-18 22:25:14] error: Error refreshing token: invalid signature
[2024-11-18 22:26:01] info: Executing (default): SELECT 1+1 AS result
[2024-11-18 22:26:01] info: Database connected successfully!
[2024-11-18 22:26:50] info: Executing (default): SELECT 1+1 AS result
[2024-11-18 22:26:50] info: Database connected successfully!
[2024-11-18 22:28:28] info: Executing (default): SELECT `id`, `firstName`, `lastName`, `email`, `password`, `role`, `createdAt`, `updatedAt` FROM `Users` AS `User` WHERE `User`.`email` = 'vallurisundeep@gmail.com' LIMIT 1;
[2024-11-18 22:28:28] info: JWT generated for user: vallurisundeep@gmail.com
[2024-11-18 22:28:28] info: Executing (default): INSERT INTO `RefreshTokens` (`id`,`token`,`user_id`,`createdAt`,`updatedAt`) VALUES (DEFAULT,?,?,?,?);
[2024-11-18 22:28:28] info: Refresh token generated for user: vallurisundeep@gmail.com
[2024-11-18 22:28:38] error: Error refreshing token: invalid signature
[2024-11-18 22:30:05] info: Executing (default): SELECT 1+1 AS result
[2024-11-18 22:30:05] info: Database connected successfully!
[2024-11-18 22:30:10] error: Error refreshing token: invalid signature
[2024-11-18 22:30:11] error: Error refreshing token: invalid signature
[2024-11-18 22:30:14] info: Executing (default): SELECT 1+1 AS result
[2024-11-18 22:30:14] info: Database connected successfully!
[2024-11-18 22:32:08] info: Executing (default): SELECT 1+1 AS result
[2024-11-18 22:32:08] info: Database connected successfully!
[2024-11-18 22:32:17] error: Error refreshing token: invalid signature
[2024-11-18 22:32:40] info: Executing (default): SELECT 1+1 AS result
[2024-11-18 22:32:40] info: Database connected successfully!
[2024-11-18 22:32:48] error: Error refreshing token: invalid signature
[2024-11-18 22:33:19] error: Error refreshing token: invalid signature
[2024-11-18 22:34:07] info: Executing (default): SELECT 1+1 AS result
[2024-11-18 22:34:07] info: Database connected successfully!
[2024-11-18 22:34:11] error: Error refreshing token: invalid signature
[2024-11-18 22:34:42] info: Executing (default): SELECT 1+1 AS result
[2024-11-18 22:34:42] info: Database connected successfully!
[2024-11-18 22:34:44] error: Error refreshing token: invalid signature
[2024-11-18 22:35:53] info: Executing (default): SELECT 1+1 AS result
[2024-11-18 22:35:53] info: Database connected successfully!
[2024-11-18 22:35:56] error: Error refreshing token: invalid signature
[2024-11-18 22:40:17] info: Executing (default): SELECT 1+1 AS result
[2024-11-18 22:40:17] info: Database connected successfully!
[2024-11-18 22:40:23] info: Executing (default): SELECT 1+1 AS result
[2024-11-18 22:40:23] info: Database connected successfully!
[2024-11-18 22:41:19] error: Error refreshing token: invalid signature
[2024-11-18 22:41:20] error: Error refreshing token: invalid signature
[2024-11-18 22:41:21] error: Error refreshing token: invalid signature
[2024-11-18 22:41:22] error: Error refreshing token: invalid signature
[2024-11-18 22:41:27] info: Executing (default): SELECT `id`, `firstName`, `lastName`, `email`, `password`, `role`, `createdAt`, `updatedAt` FROM `Users` AS `User` WHERE `User`.`email` = 'raaa@zenxservices.com' LIMIT 1;
[2024-11-18 22:42:09] info: Executing (default): SELECT 1+1 AS result
[2024-11-18 22:42:09] info: Database connected successfully!
[2024-11-18 22:43:36] info: Executing (default): SELECT 1+1 AS result
[2024-11-18 22:43:36] info: Database connected successfully!
[2024-11-18 22:43:44] info: Executing (default): SELECT 1+1 AS result
[2024-11-18 22:43:44] info: Database connected successfully!
[2024-11-18 22:44:20] info: Executing (default): SELECT 1+1 AS result
[2024-11-18 22:44:20] info: Database connected successfully!
[2024-11-18 22:45:18] info: Executing (default): SELECT `id`, `firstName`, `lastName`, `email`, `password`, `role`, `createdAt`, `updatedAt` FROM `Users` AS `User` WHERE `User`.`email` = 'vallurisundeep@gmail.com' LIMIT 1;
[2024-11-18 22:45:18] info: JWT generated for user: vallurisundeep@gmail.com
[2024-11-18 22:45:18] info: Executing (default): INSERT INTO `RefreshTokens` (`id`,`token`,`user_id`,`createdAt`,`updatedAt`) VALUES (DEFAULT,?,?,?,?);
[2024-11-18 22:45:18] info: Refresh token generated for user: vallurisundeep@gmail.com
[2024-11-18 22:45:20] info: Executing (default): SELECT `id`, `firstName`, `lastName`, `email`, `password`, `role`, `createdAt`, `updatedAt` FROM `Users` AS `User` WHERE `User`.`email` = 'vallurisundeep@gmail.com' LIMIT 1;
[2024-11-18 22:45:20] info: JWT generated for user: vallurisundeep@gmail.com
[2024-11-18 22:45:20] info: Executing (default): INSERT INTO `RefreshTokens` (`id`,`token`,`user_id`,`createdAt`,`updatedAt`) VALUES (DEFAULT,?,?,?,?);
[2024-11-18 22:45:20] info: Refresh token generated for user: vallurisundeep@gmail.com
[2024-11-18 22:46:16] info: Executing (default): SELECT 1+1 AS result
[2024-11-18 22:46:16] info: Database connected successfully!
[2024-11-18 22:47:04] info: Executing (default): SELECT `id`, `firstName`, `lastName`, `email`, `password`, `role`, `createdAt`, `updatedAt` FROM `Users` AS `User` WHERE `User`.`email` = 'vallurisundeep@gmail.com' LIMIT 1;
[2024-11-18 22:47:04] info: JWT generated for user: vallurisundeep@gmail.com
[2024-11-18 22:47:04] info: Executing (default): INSERT INTO `RefreshTokens` (`id`,`token`,`user_id`,`createdAt`,`updatedAt`) VALUES (DEFAULT,?,?,?,?);
[2024-11-18 22:47:04] info: Refresh token generated for user: vallurisundeep@gmail.com
[2024-11-18 22:49:06] info: Executing (default): SELECT 1+1 AS result
[2024-11-18 22:49:06] info: Database connected successfully!
[2024-11-18 22:52:20] info: Executing (default): SELECT 1+1 AS result
[2024-11-18 22:52:20] info: Database connected successfully!
[2024-11-18 22:54:49] info: Executing (default): SELECT 1+1 AS result
[2024-11-18 22:54:49] info: Database connected successfully!
[2024-11-18 22:54:56] info: Executing (default): SELECT 1+1 AS result
[2024-11-18 22:54:56] info: Database connected successfully!
[2024-11-18 22:55:04] info: Executing (default): SELECT 1+1 AS result
[2024-11-18 22:55:04] info: Database connected successfully!
[2024-11-18 22:55:04] info: Executing (default): SELECT 1+1 AS result
[2024-11-18 22:55:04] info: Database connected successfully!
[2024-11-18 22:55:09] info: Executing (default): SELECT `id`, `firstName`, `lastName`, `email`, `password`, `role`, `createdAt`, `updatedAt` FROM `Users` AS `User` WHERE `User`.`email` = 'vallurisundeep@gmail.com' LIMIT 1;
[2024-11-18 22:55:09] info: JWT generated for user: vallurisundeep@gmail.com
[2024-11-18 22:55:09] error: Error logging in user: newRefreshToken is not defined
[2024-11-18 22:55:23] info: Executing (default): SELECT 1+1 AS result
[2024-11-18 22:55:23] info: Database connected successfully!
[2024-11-18 22:55:26] info: Executing (default): SELECT `id`, `firstName`, `lastName`, `email`, `password`, `role`, `createdAt`, `updatedAt` FROM `Users` AS `User` WHERE `User`.`email` = 'vallurisundeep@gmail.com' LIMIT 1;
[2024-11-18 22:55:26] info: JWT generated for user: vallurisundeep@gmail.com
[2024-11-18 22:55:26] info: Executing (default): INSERT INTO `RefreshTokens` (`id`,`token`,`user_id`,`createdAt`,`updatedAt`) VALUES (DEFAULT,?,?,?,?);
[2024-11-18 22:55:26] info: Refresh token generated for user: vallurisundeep@gmail.com
[2024-11-18 22:55:51] info: Executing (default): SELECT 1+1 AS result
[2024-11-18 22:55:51] info: Database connected successfully!
[2024-11-18 22:56:51] info: Executing (default): SELECT 1+1 AS result
[2024-11-18 22:56:51] info: Database connected successfully!
[2024-11-18 22:56:51] info: Executing (default): SELECT 1+1 AS result
[2024-11-18 22:56:51] info: Database connected successfully!
[2024-11-18 22:59:02] info: Executing (default): SELECT `id`, `token`, `user_id`, `createdAt`, `updatedAt` FROM `RefreshTokens` AS `RefreshToken` WHERE `RefreshToken`.`token` = 'eyJhbGciOiJIUzI1NiIsInR5cCI6IkpXVCJ9.eyJpZCI6MiwiaWF0IjoxNzMxOTg4NTI2LCJleHAiOjE3MzI1OTMzMjZ9.UXx8O1QEj9fYFuU2rBHZneNV3HcTvDflcDLVO4HLnV0' LIMIT 1;
[2024-11-18 22:59:19] info: Executing (default): SELECT 1+1 AS result
[2024-11-18 22:59:19] info: Database connected successfully!
[2024-11-18 22:59:22] info: Executing (default): SELECT `id`, `token`, `user_id`, `createdAt`, `updatedAt` FROM `RefreshTokens` AS `RefreshToken` WHERE `RefreshToken`.`token` = 'eyJhbGciOiJIUzI1NiIsInR5cCI6IkpXVCJ9.eyJpZCI6MiwiaWF0IjoxNzMxOTg4NTI2LCJleHAiOjE3MzI1OTMzMjZ9.UXx8O1QEj9fYFuU2rBHZneNV3HcTvDflcDLVO4HLnV0' LIMIT 1;
[2024-11-18 22:59:59] info: Executing (default): SELECT `id`, `token`, `user_id`, `createdAt`, `updatedAt` FROM `RefreshTokens` AS `RefreshToken` WHERE `RefreshToken`.`token` = 'eyJhbGciOiJIUzI1NiIsInR5cCI6IkpXVCJ9.eyJpZCI6MiwiaWF0IjoxNzMxOTg4NTI2LCJleHAiOjE3MzI1OTMzMjZ9.UXx8O1QEj9fYFuU2rBHZneNV3HcTvDflcDLVO4HLnV0' LIMIT 1;
